[uWSGI] getting INI configuration from uwsgi.ini
*** Starting uWSGI 2.0.18 (64bit) on [Wed Jun  5 16:34:50 2019] ***
compiled with version: 6.3.0 20170516 on 05 June 2019 15:23:12
os: Linux-4.9.125-linuxkit #1 SMP Fri Sep 7 08:20:28 UTC 2018
nodename: 87ba75bd874e
machine: x86_64
clock source: unix
pcre jit disabled
detected number of CPU cores: 2
current working directory: /root/fbase
detected binary path: /usr/local/bin/uwsgi
uWSGI running as root, you can use --uid/--gid/--chroot options
*** WARNING: you are running uWSGI as root !!! (use the --uid flag) *** 
your memory page size is 4096 bytes
detected max file descriptor number: 1048576
lock engine: pthread robust mutexes
thunder lock: disabled (you can enable it with --thunder-lock)
uwsgi socket 0 bound to TCP address 127.0.0.1:3000 fd 3
uWSGI running as root, you can use --uid/--gid/--chroot options
*** WARNING: you are running uWSGI as root !!! (use the --uid flag) *** 
Python version: 3.7.3 (default, May  8 2019, 05:28:42)  [GCC 6.3.0 20170516]
Python main interpreter initialized at 0x556526c2d2f0
uWSGI running as root, you can use --uid/--gid/--chroot options
*** WARNING: you are running uWSGI as root !!! (use the --uid flag) *** 
python threads support enabled
your server socket listen backlog is limited to 100 connections
your mercy for graceful operations on workers is 60 seconds
mapped 416880 bytes (407 KB) for 8 cores
*** Operational MODE: preforking+threaded ***
WSGI app 0 (mountpoint='') ready in 0 seconds on interpreter 0x556526c2d2f0 pid: 601 (default app)
uWSGI running as root, you can use --uid/--gid/--chroot options
*** WARNING: you are running uWSGI as root !!! (use the --uid flag) *** 
*** uWSGI is running in multiple interpreter mode ***
spawned uWSGI master process (pid: 601)
spawned uWSGI worker 1 (pid: 602, cores: 2)
spawned uWSGI worker 2 (pid: 603, cores: 2)
spawned uWSGI worker 3 (pid: 605, cores: 2)
spawned uWSGI worker 4 (pid: 606, cores: 2)
*** Stats server enabled on 127.0.0.1:9191 fd: 15 ***
SIGINT/SIGQUIT received...killing workers...
worker 1 buried after 1 seconds
worker 2 buried after 1 seconds
worker 3 buried after 1 seconds
worker 4 buried after 1 seconds
goodbye to uWSGI.
[I 14:35:13.805 NotebookApp] Serving notebooks from local directory: /root/fbase
[I 14:35:13.805 NotebookApp] The Jupyter Notebook is running at:
[I 14:35:13.805 NotebookApp] http://(e1805281cd78 or 127.0.0.1):8888/?token=3386451a48ac5a277c48548d5c813e233cc34d58ca3f396a
[I 14:35:13.805 NotebookApp] Use Control-C to stop this server and shut down all kernels (twice to skip confirmation).
[W 14:35:13.808 NotebookApp] No web browser found: could not locate runnable browser.
[C 14:35:13.808 NotebookApp] 
    
    To access the notebook, open this file in a browser:
        file:///root/.local/share/jupyter/runtime/nbserver-127-open.html
    Or copy and paste one of these URLs:
        http://(e1805281cd78 or 127.0.0.1):8888/?token=3386451a48ac5a277c48548d5c813e233cc34d58ca3f396a
[W 14:35:22.817 NotebookApp] delete /Untitled.ipynb
[W 14:35:22.817 NotebookApp] Skipping trash for /root/fbase/Untitled.ipynb, on different device to home directory
[I 14:35:30.044 NotebookApp] Saving file at /app/settings.py
[I 14:35:40.715 NotebookApp] New terminal with automatic name: 1
[I 14:40:39.875 NotebookApp] Saving file at /app/__init__.py
[I 14:40:49.552 NotebookApp] Saving file at /app/__init__.py
[I 14:41:22.297 NotebookApp] Saving file at /app/__init__.py
[I 14:42:32.552 NotebookApp] Creating new file in /app
[I 14:42:33.927 NotebookApp] Saving file at /app/untitled.txt
[I 14:42:38.960 NotebookApp] Saving file at /app/untitled.txt
[I 14:43:03.077 NotebookApp] Creating new file in /app
[I 14:47:30.019 NotebookApp] Saving file at /app/tasks.py
[I 14:47:59.269 NotebookApp] Saving file at /app/api/survey.py
[I 14:50:01.429 NotebookApp] Saving file at /app/api/survey.py
[I 14:50:34.466 NotebookApp] Saving file at /app/api/survey.py
[I 14:51:41.059 NotebookApp] Saving file at /app/tasks.py
[I 14:51:49.044 NotebookApp] Saving file at /app/tasks.py
[I 14:52:11.066 NotebookApp] Saving file at /app/api/survey.py
[I 14:52:18.755 NotebookApp] Saving file at /app/api/survey.py
[I 14:55:02.542 NotebookApp] Saving file at /app/api/survey.py
[I 14:55:38.290 NotebookApp] Saving file at /app/settings.py
[I 14:56:35.316 NotebookApp] Saving file at /app/api/survey.py
[I 14:56:52.852 NotebookApp] New terminal with automatic name: 2
[I 15:01:03.673 NotebookApp] Saving file at /app/api/survey.py
[I 15:02:51.805 NotebookApp] Saving file at /app/api/survey.py
[I 15:04:21.805 NotebookApp] Saving file at /app/api/survey.py
[I 15:05:12.696 NotebookApp] Saving file at /app/__init__.py
[I 15:06:07.086 NotebookApp] Saving file at /app/api/survey.py
[I 15:20:49.227 NotebookApp] Saving file at /app/tasks.py
[I 15:26:28.477 NotebookApp] Saving file at /app/api/survey.py
